<?xml version="1.0" encoding="UTF-8"?>
<!-- Generated by org.testng.reporters.JUnitReportReporter -->
<testsuite hostname="DESKTOP-V7RFJ42" failures="0" tests="1" name="com.facebook.testcases.Verifylogin4" time="11.144" errors="0" timestamp="2022-11-08T13:36:44 IST" skipped="0">
  <testcase classname="com.facebook.testcases.Verifylogin4" name="verifyvalidlogin" time="11.144"/>
  <system-out/>
</testsuite> <!-- com.facebook.testcases.Verifylogin4 -->
