<?xml version="1.0" encoding="UTF-8"?>
<!-- Generated by org.testng.reporters.JUnitReportReporter -->
<testsuite hostname="DESKTOP-V7RFJ42" failures="0" tests="1" name="test.Test2" time="13.574" errors="0" timestamp="2022-11-07T06:41:19 IST" skipped="0">
  <testcase classname="test.Test2" name="verify1" time="13.574"/>
  <system-out/>
</testsuite> <!-- test.Test2 -->
