<?xml version="1.0" encoding="UTF-8"?>
<!-- Generated by org.testng.reporters.JUnitReportReporter -->
<testsuite hostname="DESKTOP-V7RFJ42" failures="0" tests="1" name="com.facebook.testcases.Verifylogin" time="10.690" errors="0" timestamp="2022-11-06T18:24:15 IST" skipped="0">
  <testcase classname="com.facebook.testcases.Verifylogin" name="verifyvalidlogin" time="10.690"/>
  <system-out/>
</testsuite> <!-- com.facebook.testcases.Verifylogin -->
