<?xml version="1.0" encoding="UTF-8"?>
<!-- Generated by org.testng.reporters.JUnitReportReporter -->
<testsuite hostname="DESKTOP-V7RFJ42" failures="0" tests="1" name="alerts.alerttextverifying" time="25.845" errors="0" timestamp="2022-10-29T07:35:46 IST" skipped="0">
  <testcase classname="alerts.alerttextverifying" name="a" time="25.845"/>
  <system-out/>
</testsuite> <!-- alerts.alerttextverifying -->
