<?xml version="1.0" encoding="UTF-8"?>
<!-- Generated by org.testng.reporters.JUnitReportReporter -->
<testsuite hostname="DESKTOP-V7RFJ42" failures="0" tests="1" name="com.facebook.testcases.Verifylogin5" time="14.130" errors="0" timestamp="2022-11-08T13:49:13 IST" skipped="0">
  <testcase classname="com.facebook.testcases.Verifylogin5" name="verifyvalidlogin" time="14.130"/>
  <system-out/>
</testsuite> <!-- com.facebook.testcases.Verifylogin5 -->
